<?xml version="1.0" encoding="UTF-8"?>
<!-- Generated by org.testng.reporters.JUnitReportReporter -->
<testsuite hostname="DESKTOP-P8351SK" failures="0" tests="1" name="TestCasesWithinGroups.DemoOpenCartLogin" time="0.002" errors="0" timestamp="2023-05-12T10:07:16 IST" skipped="0">
  <testcase classname="TestCasesWithinGroups.DemoOpenCartLogin" name="DemoOpenEmployeeLogin" time="0.002"/>
  <system-out/>
</testsuite> <!-- TestCasesWithinGroups.DemoOpenCartLogin -->
