<?xml version="1.0" encoding="UTF-8"?>
<!-- Generated by org.testng.reporters.JUnitReportReporter -->
<testsuite hostname="DESKTOP-P8351SK" failures="0" tests="1" name="TestCasesWithinGroups.EasyCalLogin" time="0.001" errors="0" timestamp="2023-05-12T10:07:16 IST" skipped="0">
  <testcase classname="TestCasesWithinGroups.EasyCalLogin" name="EasyCalculaAdminLogin" time="0.001"/>
  <system-out/>
</testsuite> <!-- TestCasesWithinGroups.EasyCalLogin -->
